This is pdfTeX, Version 3.141592653-2.6-1.40.25 (TeX Live 2023/Arch Linux) (preloaded format=pdflatex 2023.6.13)  19 JUN 2023 18:05
entering extended mode
 restricted \write18 enabled.
 %&-line parsing enabled.
**tese.tex
(./tese.tex
LaTeX2e <2022-11-01> patch level 1
L3 programming layer <2023-02-22> (./ita.cls
Document Class: ita 2006/03/10 v2.0 Classe de documento com padroes do ITA
(/usr/share/texmf-dist/tex/generic/iftex/ifpdf.sty
Package: ifpdf 2019/10/25 v3.4 ifpdf legacy package. Use iftex instead.

(/usr/share/texmf-dist/tex/generic/iftex/iftex.sty
Package: iftex 2022/02/03 v1.0f TeX engine tests
)) (./ita/defaults.def)
(./ita/tg.def) (/usr/share/texmf-dist/tex/latex/base/book.cls
Document Class: book 2022/07/02 v1.4n Standard LaTeX document class
(/usr/share/texmf-dist/tex/latex/base/bk12.clo
File: bk12.clo 2022/07/02 v1.4n Standard LaTeX file (size option)
)
\c@part=\count185
\c@chapter=\count186
\c@section=\count187
\c@subsection=\count188
\c@subsubsection=\count189
\c@paragraph=\count190
\c@subparagraph=\count191
\c@figure=\count192
\c@table=\count193
\abovecaptionskip=\skip48
\belowcaptionskip=\skip49
\bibindent=\dimen140
)
(/usr/share/texmf-dist/tex/latex/tools/calc.sty
Package: calc 2017/05/25 v4.3 Infix arithmetic (KKT,FJ)
\calc@Acount=\count194
\calc@Bcount=\count195
\calc@Adimen=\dimen141
\calc@Bdimen=\dimen142
\calc@Askip=\skip50
\calc@Bskip=\skip51
LaTeX Info: Redefining \setlength on input line 80.
LaTeX Info: Redefining \addtolength on input line 81.
\calc@Ccount=\count196
\calc@Cskip=\skip52
)
(/usr/share/texmf-dist/tex/latex/base/ifthen.sty
Package: ifthen 2022/04/13 v1.1d Standard LaTeX ifthen package (DPC)
)
(/usr/share/texmf-dist/tex/generic/babel/babel.sty
Package: babel 2023/02/13 3.86 The Babel package
\babel@savecnt=\count197
\U@D=\dimen143
\l@unhyphenated=\language87

(/usr/share/texmf-dist/tex/generic/babel/txtbabel.def)
\bbl@readstream=\read2
\bbl@dirlevel=\count198

(/usr/share/texmf-dist/tex/generic/babel-english/english.ldf
Language: english 2017/06/06 v3.3r English support from the babel system
Package babel Info: Hyphen rules for 'canadian' set to \l@english
(babel)             (\language0). Reported on input line 102.
Package babel Info: Hyphen rules for 'australian' set to \l@ukenglish
(babel)             (\language21). Reported on input line 105.
Package babel Info: Hyphen rules for 'newzealand' set to \l@ukenglish
(babel)             (\language21). Reported on input line 108.
))
(/usr/share/texmf-dist/tex/generic/babel/locale/en/babel-english.tex
Package babel Info: Importing font and identification data for english
(babel)             from babel-en.ini. Reported on input line 11.
)
(./ita/itaeng.babel) (/usr/share/texmf-dist/tex/latex/base/inputenc.sty
Package: inputenc 2021/02/14 v1.3d Input encoding file
\inpenc@prehook=\toks16
\inpenc@posthook=\toks17
)
(/usr/share/texmf-dist/tex/latex/setspace/setspace.sty
Package: setspace 2022/12/04 v6.7b set line spacing
)
(/usr/share/texmf-dist/tex/latex/fancyhdr/fancyhdr.sty
Package: fancyhdr 2022/11/09 v4.1 Extensive control of page headers and footers

\f@nch@headwidth=\skip53
\f@nch@O@elh=\skip54
\f@nch@O@erh=\skip55
\f@nch@O@olh=\skip56
\f@nch@O@orh=\skip57
\f@nch@O@elf=\skip58
\f@nch@O@erf=\skip59
\f@nch@O@olf=\skip60
\f@nch@O@orf=\skip61
)
(/usr/share/texmf-dist/tex/latex/amsfonts/amsfonts.sty
Package: amsfonts 2013/01/14 v3.01 Basic AMSFonts support
\@emptytoks=\toks18
\symAMSa=\mathgroup4
\symAMSb=\mathgroup5
LaTeX Font Info:    Redeclaring math symbol \hbar on input line 98.
LaTeX Font Info:    Overwriting math alphabet `\mathfrak' in version `bold'
(Font)                  U/euf/m/n --> U/euf/b/n on input line 106.
)
(/usr/share/texmf-dist/tex/latex/lastpage/lastpage.sty
Package: lastpage 2023/03/07 v2.0a lastpage: 2.09 or 2e? (HMM)

(/usr/share/texmf-dist/tex/latex/lastpage/lastpage2e.sty
Package: lastpage2e 2023/03/07 v2.0a Decide which 2e lastpage version to use (H
MM)

(/usr/share/texmf-dist/tex/latex/lastpage/lastpagemodern.sty
Package: lastpagemodern 2023-03-07 v2.0a Refers to last page's name (HMM; JPG)
) 
)) (/usr/share/texmf-dist/tex/latex/tools/indentfirst.sty
Package: indentfirst 1995/11/23 v1.03 Indent first paragraph (DPC)
)
(/usr/share/texmf-dist/tex/latex/caption/caption.sty
Package: caption 2023/03/12 v3.6j Customizing captions (AR)

(/usr/share/texmf-dist/tex/latex/caption/caption3.sty
Package: caption3 2023/03/12 v2.4 caption3 kernel (AR)

(/usr/share/texmf-dist/tex/latex/graphics/keyval.sty
Package: keyval 2022/05/29 v1.15 key=value parser (DPC)
\KV@toks@=\toks19
)
\caption@tempdima=\dimen144
\captionmargin=\dimen145
\caption@leftmargin=\dimen146
\caption@rightmargin=\dimen147
\caption@width=\dimen148
\caption@indent=\dimen149
\caption@parindent=\dimen150
\caption@hangindent=\dimen151
Package caption Info: Standard document class detected.
)
\c@caption@flags=\count199
\c@continuedfloat=\count266
)
(/usr/share/texmf-dist/tex/latex/tools/longtable.sty
Package: longtable 2021-09-01 v4.17 Multi-page Table package (DPC)
\LTleft=\skip62
\LTright=\skip63
\LTpre=\skip64
\LTpost=\skip65
\LTchunksize=\count267
\LTcapwidth=\dimen152
\LT@head=\box51
\LT@firsthead=\box52
\LT@foot=\box53
\LT@lastfoot=\box54
\LT@gbox=\box55
\LT@cols=\count268
\LT@rows=\count269
\c@LT@tables=\count270
\c@LT@chunks=\count271
\LT@p@ftn=\toks20
)
(/usr/share/texmf-dist/tex/latex/tools/array.sty
Package: array 2022/09/04 v2.5g Tabular extension package (FMi)
\col@sep=\dimen153
\ar@mcellbox=\box56
\extrarowheight=\dimen154
\NC@list=\toks21
\extratabsurround=\skip66
\backup@length=\skip67
\ar@cellbox=\box57
)
(/usr/share/texmf-dist/tex/latex/tools/tabularx.sty
Package: tabularx 2020/01/15 v2.11c `tabularx' package (DPC)
\TX@col@width=\dimen155
\TX@old@table=\dimen156
\TX@old@col=\dimen157
\TX@target=\dimen158
\TX@delta=\dimen159
\TX@cols=\count272
\TX@ftn=\toks22
) (./makeglo.sty
Package: makeglo 
\glossentrylen=\skip68
)
(/usr/share/texmf-dist/tex/latex/graphics/color.sty
Package: color 2022/01/06 v1.3d Standard LaTeX Color (DPC)

(/usr/share/texmf-dist/tex/latex/graphics-cfg/color.cfg
File: color.cfg 2016/01/02 v1.6 sample color configuration
)
Package color Info: Driver file: pdftex.def on input line 149.

(/usr/share/texmf-dist/tex/latex/graphics-def/pdftex.def
File: pdftex.def 2022/09/22 v1.2b Graphics/color driver for pdftex
)
(/usr/share/texmf-dist/tex/latex/graphics/mathcolor.ltx))
(/usr/share/texmf-dist/tex/latex/hyphenat/hyphenat.sty
Package: hyphenat 2009/09/02 v2.3c hyphenation utilities
\langwohyphens=\language88
LaTeX Info: Redefining \_ on input line 43.
)
(/usr/share/texmf-dist/tex/latex/base/makeidx.sty
Package: makeidx 2021/10/04 v1.0m Standard LaTeX package
)
(/usr/share/texmf-dist/tex/latex/hyperref/hyperref.sty
Package: hyperref 2023-02-07 v7.00v Hypertext links for LaTeX

(/usr/share/texmf-dist/tex/generic/ltxcmds/ltxcmds.sty
Package: ltxcmds 2020-05-10 v1.25 LaTeX kernel commands for general use (HO)
)
(/usr/share/texmf-dist/tex/generic/pdftexcmds/pdftexcmds.sty
Package: pdftexcmds 2020-06-27 v0.33 Utility functions of pdfTeX for LuaTeX (HO
)

(/usr/share/texmf-dist/tex/generic/infwarerr/infwarerr.sty
Package: infwarerr 2019/12/03 v1.5 Providing info/warning/error messages (HO)
)
Package pdftexcmds Info: \pdf@primitive is available.
Package pdftexcmds Info: \pdf@ifprimitive is available.
Package pdftexcmds Info: \pdfdraftmode found.
)
(/usr/share/texmf-dist/tex/latex/kvsetkeys/kvsetkeys.sty
Package: kvsetkeys 2022-10-05 v1.19 Key value parser (HO)
)
(/usr/share/texmf-dist/tex/generic/kvdefinekeys/kvdefinekeys.sty
Package: kvdefinekeys 2019-12-19 v1.6 Define keys (HO)
)
(/usr/share/texmf-dist/tex/generic/pdfescape/pdfescape.sty
Package: pdfescape 2019/12/09 v1.15 Implements pdfTeX's escape features (HO)
)
(/usr/share/texmf-dist/tex/latex/hycolor/hycolor.sty
Package: hycolor 2020-01-27 v1.10 Color options for hyperref/bookmark (HO)
)
(/usr/share/texmf-dist/tex/latex/letltxmacro/letltxmacro.sty
Package: letltxmacro 2019/12/03 v1.6 Let assignment for LaTeX macros (HO)
)
(/usr/share/texmf-dist/tex/latex/auxhook/auxhook.sty
Package: auxhook 2019-12-17 v1.6 Hooks for auxiliary files (HO)
)
(/usr/share/texmf-dist/tex/latex/hyperref/nameref.sty
Package: nameref 2022-05-17 v2.50 Cross-referencing by name of section

(/usr/share/texmf-dist/tex/latex/refcount/refcount.sty
Package: refcount 2019/12/15 v3.6 Data extraction from label references (HO)
)
(/usr/share/texmf-dist/tex/generic/gettitlestring/gettitlestring.sty
Package: gettitlestring 2019/12/15 v1.6 Cleanup title references (HO)

(/usr/share/texmf-dist/tex/latex/kvoptions/kvoptions.sty
Package: kvoptions 2022-06-15 v3.15 Key value format for package options (HO)
))
\c@section@level=\count273
)
\@linkdim=\dimen160
\Hy@linkcounter=\count274
\Hy@pagecounter=\count275

(/usr/share/texmf-dist/tex/latex/hyperref/pd1enc.def
File: pd1enc.def 2023-02-07 v7.00v Hyperref: PDFDocEncoding definition (HO)
Now handling font encoding PD1 ...
... no UTF-8 mapping file for font encoding PD1
)
(/usr/share/texmf-dist/tex/generic/intcalc/intcalc.sty
Package: intcalc 2019/12/15 v1.3 Expandable calculations with integers (HO)
)
(/usr/share/texmf-dist/tex/generic/etexcmds/etexcmds.sty
Package: etexcmds 2019/12/15 v1.7 Avoid name clashes with e-TeX commands (HO)
)
\Hy@SavedSpaceFactor=\count276

(/usr/share/texmf-dist/tex/latex/hyperref/puenc.def
File: puenc.def 2023-02-07 v7.00v Hyperref: PDF Unicode definition (HO)
Now handling font encoding PU ...
... no UTF-8 mapping file for font encoding PU
)
Package hyperref Info: Option `debug' set `true' on input line 4060.


Package hyperref Warning: Option `a4paper' is no longer used.

Package hyperref Info: Option `breaklinks' set `true' on input line 4060.
Package hyperref Info: Option `bookmarksopen' set `true' on input line 4060.
Package hyperref Info: Option `colorlinks' set `true' on input line 4060.
Package hyperref Info: Option `bookmarksnumbered' set `true' on input line 4060
.
Package hyperref Info: Option `hyperindex' set `true' on input line 4060.
Package hyperref Info: Option `verbose' set `true' on input line 4060.
Package hyperref Info: Hyper figures OFF on input line 4177.
Package hyperref Info: Link nesting OFF on input line 4182.
Package hyperref Info: Hyper index ON on input line 4185.
Package hyperref Info: Plain pages OFF on input line 4192.
Package hyperref Info: Backreferencing ON on input line 4195.
Package hyperref Info: Implicit mode ON; LaTeX internals redefined.
Package hyperref Info: Bookmarks ON on input line 4425.
(/usr/share/texmf-dist/tex/latex/hyperref/backref.sty
Package: backref 2021/02/04 v1.41 Bibliographical back referencing

(/usr/share/texmf-dist/tex/latex/rerunfilecheck/rerunfilecheck.sty
Package: rerunfilecheck 2022-07-10 v1.10 Rerun checks for auxiliary files (HO)

(/usr/share/texmf-dist/tex/latex/base/atveryend-ltx.sty
Package: atveryend-ltx 2020/08/19 v1.0a Emulation of the original atveryend pac
kage
with kernel methods
)
(/usr/share/texmf-dist/tex/generic/uniquecounter/uniquecounter.sty
Package: uniquecounter 2019/12/15 v1.4 Provide unlimited unique counter (HO)

(/usr/share/texmf-dist/tex/generic/bigintcalc/bigintcalc.sty
Package: bigintcalc 2019/12/15 v1.5 Expandable calculations on big integers (HO
)
))
Package uniquecounter Info: New unique counter `rerunfilecheck' on input line 2
85.
))
\c@Hy@tempcnt=\count277

(/usr/share/texmf-dist/tex/latex/url/url.sty
\Urlmuskip=\muskip16
Package: url 2013/09/16  ver 3.4  Verb mode for urls, etc.
)
LaTeX Info: Redefining \url on input line 4763.
\XeTeXLinkMargin=\dimen161

(/usr/share/texmf-dist/tex/generic/bitset/bitset.sty
Package: bitset 2019/12/09 v1.3 Handle bit-vector datatype (HO)
)
\Fld@menulength=\count278
\Field@Width=\dimen162
\Fld@charsize=\dimen163
Package hyperref Info: Hyper figures OFF on input line 6042.
Package hyperref Info: Link nesting OFF on input line 6047.
Package hyperref Info: Hyper index ON on input line 6050.
Package hyperref Info: backreferencing ON on input line 6055.
Package hyperref Info: Link coloring ON on input line 6060.
Package hyperref Info: Link coloring with OCG OFF on input line 6067.
Package hyperref Info: PDF/A mode OFF on input line 6072.

(/usr/share/texmf-dist/tex/latex/base/atbegshi-ltx.sty
Package: atbegshi-ltx 2021/01/10 v1.0c Emulation of the original atbegshi
package with kernel methods
)
\Hy@abspage=\count279
\c@Item=\count280
\c@Hfootnote=\count281
)
Package hyperref Info: Driver (autodetected): hpdftex.

(/usr/share/texmf-dist/tex/latex/hyperref/hpdftex.def
File: hpdftex.def 2023-02-07 v7.00v Hyperref driver for pdfTeX
\Fld@listcount=\count282
\c@bookmark@seq@number=\count283
\Hy@SectionHShift=\skip69
)
(/usr/share/texmf-dist/tex/latex/ae/ae.sty
Package: ae 2001/02/12 1.3 Almost European Computer Modern

(/usr/share/texmf-dist/tex/latex/base/fontenc.sty
Package: fontenc 2021/04/29 v2.0v Standard LaTeX package
))
(/usr/share/texmf-dist/tex/latex/graphics/graphicx.sty
Package: graphicx 2021/09/16 v1.2d Enhanced LaTeX Graphics (DPC,SPQR)

(/usr/share/texmf-dist/tex/latex/graphics/graphics.sty
Package: graphics 2022/03/10 v1.4e Standard LaTeX Graphics (DPC,SPQR)

(/usr/share/texmf-dist/tex/latex/graphics/trig.sty
Package: trig 2021/08/11 v1.11 sin cos tan (DPC)
)
(/usr/share/texmf-dist/tex/latex/graphics-cfg/graphics.cfg
File: graphics.cfg 2016/06/04 v1.11 sample graphics configuration
)
Package graphics Info: Driver file: pdftex.def on input line 107.
)
\Gin@req@height=\dimen164
\Gin@req@width=\dimen165
)
(/usr/share/texmf-dist/tex/latex/geometry/geometry.sty
Package: geometry 2020/01/02 v5.9 Page Geometry

(/usr/share/texmf-dist/tex/generic/iftex/ifvtex.sty
Package: ifvtex 2019/10/25 v1.7 ifvtex legacy package. Use iftex instead.
)
\Gm@cnth=\count284
\Gm@cntv=\count285
\c@Gm@tempcnt=\count286
\Gm@bindingoffset=\dimen166
\Gm@wd@mp=\dimen167
\Gm@odd@mp=\dimen168
\Gm@even@mp=\dimen169
\Gm@layoutwidth=\dimen170
\Gm@layoutheight=\dimen171
\Gm@layouthoffset=\dimen172
\Gm@layoutvoffset=\dimen173
\Gm@dimlist=\toks23
) (./abntcite.sty
(./abnt/cvs-id.def)
Package: abntcite 2003/10/13 v1.26 Chamadas de referencias no texto (NBR10520)
 (./abntex-abrev.sty (./abnt/cvs-id.def)
Package: abntex-abrev 2003/10/13 v1.3 Abreviacoes

(./abnt/nbr10522-1988.def (./abnt/cvs-id.def)
File: nbr10522-1988.def 2003/10/13 v1.2 Abreviacoes bibliograficas (NBR10522:19
88)
) (./abnt/abntex-abrev-pt_BR.def
(./abnt/cvs-id.def)
File: abntex-abrev-pt_BR.def 2003/10/13 v1.2 definicao de abntex-abrev, traduca
o de termos en_US/pt_BR
)) (./abnt/nbr10520-2002.def (./abnt/cvs-id.def)
File: nbr10520-2002.def 2003/10/13 v1.2 Definicoes para abntcite (NBR10520:2002
)
)
\minimumbiblabelwidth=\skip70
\ABCIauxlen=\skip71
\c@ABCIaux=\count287
\c@ABCImax=\count288

(/usr/share/texmf-dist/tex/latex/relsize/relsize.sty
Package: relsize 2013/03/29 ver 4.1
)
\biblabelsep=\skip72
LaTeX Info: Redefining \newblock on input line 562.
LaTeX Info: Redefining \cite on input line 589.
\ABCItoken=\toks24
)
\c@mecounter=\count289
\c@kwcipcounter=\count290
\nohyphen=\language89
)
(/usr/share/texmf-dist/tex/latex/graphics/epsfig.sty
Package: epsfig 2017/06/25 v1.7b (e)psfig emulation (SPQR)
\epsfxsize=\dimen174
\epsfysize=\dimen175
)
(/usr/share/texmf-dist/tex/latex/amsmath/amsmath.sty
Package: amsmath 2022/04/08 v2.17n AMS math features
\@mathmargin=\skip73

For additional information on amsmath, use the `?' option.
(/usr/share/texmf-dist/tex/latex/amsmath/amstext.sty
Package: amstext 2021/08/26 v2.01 AMS text

(/usr/share/texmf-dist/tex/latex/amsmath/amsgen.sty
File: amsgen.sty 1999/11/30 v2.0 generic functions
\@emptytoks=\toks25
\ex@=\dimen176
))
(/usr/share/texmf-dist/tex/latex/amsmath/amsbsy.sty
Package: amsbsy 1999/11/29 v1.2d Bold Symbols
\pmbraise@=\dimen177
)
(/usr/share/texmf-dist/tex/latex/amsmath/amsopn.sty
Package: amsopn 2022/04/08 v2.04 operator names
)
\inf@bad=\count291
LaTeX Info: Redefining \frac on input line 234.
\uproot@=\count292
\leftroot@=\count293
LaTeX Info: Redefining \overline on input line 399.
LaTeX Info: Redefining \colon on input line 410.
\classnum@=\count294
\DOTSCASE@=\count295
LaTeX Info: Redefining \ldots on input line 496.
LaTeX Info: Redefining \dots on input line 499.
LaTeX Info: Redefining \cdots on input line 620.
\Mathstrutbox@=\box58
\strutbox@=\box59
LaTeX Info: Redefining \big on input line 722.
LaTeX Info: Redefining \Big on input line 723.
LaTeX Info: Redefining \bigg on input line 724.
LaTeX Info: Redefining \Bigg on input line 725.
\big@size=\dimen178
LaTeX Font Info:    Redeclaring font encoding OML on input line 743.
LaTeX Font Info:    Redeclaring font encoding OMS on input line 744.
\macc@depth=\count296
LaTeX Info: Redefining \bmod on input line 905.
LaTeX Info: Redefining \pmod on input line 910.
LaTeX Info: Redefining \smash on input line 940.
LaTeX Info: Redefining \relbar on input line 970.
LaTeX Info: Redefining \Relbar on input line 971.
\c@MaxMatrixCols=\count297
\dotsspace@=\muskip17
\c@parentequation=\count298
\dspbrk@lvl=\count299
\tag@help=\toks26
\row@=\count300
\column@=\count301
\maxfields@=\count302
\andhelp@=\toks27
\eqnshift@=\dimen179
\alignsep@=\dimen180
\tagshift@=\dimen181
\tagwidth@=\dimen182
\totwidth@=\dimen183
\lineht@=\dimen184
\@envbody=\toks28
\multlinegap=\skip74
\multlinetaggap=\skip75
\mathdisplay@stack=\toks29
LaTeX Info: Redefining \[ on input line 2953.
LaTeX Info: Redefining \] on input line 2954.
)
(/usr/share/texmf-dist/tex/latex/amsfonts/amssymb.sty
Package: amssymb 2013/01/14 v3.01 AMS font symbols
)
(/usr/share/texmf-dist/tex/latex/csquotes/csquotes.sty
Package: csquotes 2022-09-14 v5.2n context-sensitive quotations (JAW)

(/usr/share/texmf-dist/tex/latex/etoolbox/etoolbox.sty
Package: etoolbox 2020/10/05 v2.5k e-TeX tools for LaTeX (JAW)
\etb@tempcnta=\count303
)
\csq@reset=\count304
\csq@gtype=\count305
\csq@glevel=\count306
\csq@qlevel=\count307
\csq@maxlvl=\count308
\csq@tshold=\count309
\csq@ltx@everypar=\toks30

(/usr/share/texmf-dist/tex/latex/csquotes/csquotes.def
File: csquotes.def 2022-09-14 v5.2n csquotes generic definitions (JAW)
)
Package csquotes Info: Trying to load configuration file 'csquotes.cfg'...
Package csquotes Info: ... configuration file loaded successfully.

(/usr/share/texmf-dist/tex/latex/csquotes/csquotes.cfg
File: csquotes.cfg 
))
(/usr/share/texmf-dist/tex/latex/subfig/subfig.sty
Package: subfig 2005/06/28 ver: 1.3 subfig package
\c@KVtest=\count310
\sf@farskip=\skip76
\sf@captopadj=\dimen185
\sf@capskip=\skip77
\sf@nearskip=\skip78
\c@subfigure=\count311
\c@subfigure@save=\count312
\c@lofdepth=\count313
\c@subtable=\count314
\c@subtable@save=\count315
\c@lotdepth=\count316
\sf@top=\skip79
\sf@bottom=\skip80
)
(/usr/share/texmf-dist/tex/latex/multirow/multirow.sty
Package: multirow 2021/03/15 v2.8 Span multiple rows of a table
\multirow@colwidth=\skip81
\multirow@cntb=\count317
\multirow@dima=\skip82
\bigstrutjot=\dimen186
)
(/usr/share/texmf-dist/tex/latex/float/float.sty
Package: float 2001/11/08 v1.3d Float enhancements (AL)
\c@float@type=\count318
\float@exts=\toks31
\float@box=\box60
\@float@everytoks=\toks32
\@floatcapt=\box61
)
(/usr/share/texmf-dist/tex/latex/amscls/amsthm.sty
Package: amsthm 2020/05/29 v2.20.6
\thm@style=\toks33
\thm@bodyfont=\toks34
\thm@headfont=\toks35
\thm@notefont=\toks36
\thm@headpunct=\toks37
\thm@preskip=\skip83
\thm@postskip=\skip84
\thm@headsep=\skip85
\dth@everypar=\toks38
)
(/usr/share/texmf-dist/tex/latex/appendix/appendix.sty
Package: appendix 2020/02/08 v1.2c extra appendix facilities
\c@@pps=\count319
\c@@ppsavesec=\count320
\c@@ppsaveapp=\count321
)
(/usr/share/texmf-dist/tex/latex/graphics/lscape.sty
Package: lscape 2020/05/28 v3.02 Landscape Pages (DPC)
)
(/usr/share/texmf-dist/tex/latex/tools/multicol.sty
Package: multicol 2021/11/30 v1.9d multicolumn formatting (FMi)
\c@tracingmulticols=\count322
\mult@box=\box62
\multicol@leftmargin=\dimen187
\c@unbalance=\count323
\c@collectmore=\count324
\doublecol@number=\count325
\multicoltolerance=\count326
\multicolpretolerance=\count327
\full@width=\dimen188
\page@free=\dimen189
\premulticols=\dimen190
\postmulticols=\dimen191
\multicolsep=\skip86
\multicolbaselineskip=\skip87
\partial@page=\box63
\last@line=\box64
\maxbalancingoverflow=\dimen192
\mult@rightbox=\box65
\mult@grightbox=\box66
\mult@firstbox=\box67
\mult@gfirstbox=\box68
\@tempa=\box69
\@tempa=\box70
\@tempa=\box71
\@tempa=\box72
\@tempa=\box73
\@tempa=\box74
\@tempa=\box75
\@tempa=\box76
\@tempa=\box77
\@tempa=\box78
\@tempa=\box79
\@tempa=\box80
\@tempa=\box81
\@tempa=\box82
\@tempa=\box83
\@tempa=\box84
\@tempa=\box85
\@tempa=\box86
\@tempa=\box87
\@tempa=\box88
\@tempa=\box89
\@tempa=\box90
\@tempa=\box91
\@tempa=\box92
\@tempa=\box93
\@tempa=\box94
\@tempa=\box95
\@tempa=\box96
\@tempa=\box97
\@tempa=\box98
\@tempa=\box99
\@tempa=\box100
\@tempa=\box101
\@tempa=\box102
\@tempa=\box103
\@tempa=\box104
\c@minrows=\count328
\c@columnbadness=\count329
\c@finalcolumnbadness=\count330
\last@try=\dimen193
\multicolovershoot=\dimen194
\multicolundershoot=\dimen195
\mult@nat@firstbox=\box105
\colbreak@box=\box106
\mc@col@check@num=\count331
)
(/usr/share/texmf-dist/tex/latex/cancel/cancel.sty
Package: cancel 2013/04/12 v2.2 Cancel math terms
)
(/usr/share/texmf-dist/tex/latex/lettrine/lettrine.sty
File: lettrine.sty 2022-09-25 v2.30 (Daniel Flipo)

(/usr/share/texmf-dist/tex/latex/xkeyval/xkeyval.sty
Package: xkeyval 2022/06/16 v2.9 package option processing (HA)

(/usr/share/texmf-dist/tex/generic/xkeyval/xkeyval.tex
(/usr/share/texmf-dist/tex/generic/xkeyval/xkvutils.tex
\XKV@toks=\toks39
\XKV@tempa@toks=\toks40
)
\XKV@depth=\count332
File: xkeyval.tex 2014/12/03 v2.7a key=value parser (HA)
))
(/usr/share/texmf-dist/tex/generic/minifp/minifp.sty
Package: minifp 2013/12/30 v0.96. Macros for real number operations and a stack
-based programing language.
\MFP@loopctr=\count333
)
\c@DefaultLines=\count334
\c@DefaultDepth=\count335
\DefaultFindent=\dimen196
\DefaultNindent=\dimen197
\DefaultSlope=\dimen198
\DiscardVskip=\dimen199

Loading lettrine.cfg
(/usr/share/texmf-dist/tex/latex/lettrine/lettrine.cfg)
\L@lbox=\box107
\L@tbox=\box108
\c@L@lines=\count336
\c@L@depth=\count337
\L@Pindent=\dimen256
\L@Findent=\dimen257
\L@Nindent=\dimen258
\L@lraise=\dimen259
\L@first=\dimen260
\L@next=\dimen261
\L@slope=\dimen262
\L@height=\dimen263
\L@novskip=\dimen264
\L@target@ht=\dimen265
\L@target@dp=\dimen266
\L@target@tht=\dimen267
\LettrineWidth=\dimen268
\LettrineHeight=\dimen269
\LettrineDepth=\dimen270
\Llist@everypar=\toks41
)
(/usr/share/texmf-dist/tex/latex/algorithm2e/algorithm2e.sty
Package: algorithm2e 2017/07/18 v5.2 algorithms environments
\c@AlgoLine=\count338
\algocf@hangindent=\skip88

(/usr/share/texmf-dist/tex/latex/ifoddpage/ifoddpage.sty
Package: ifoddpage 2022/10/18 v1.2 Conditionals for odd/even page detection
\c@checkoddpage=\count339
)
(/usr/share/texmf-dist/tex/latex/tools/xspace.sty
Package: xspace 2014/10/28 v1.13 Space after command names (DPC,MH)
)
\skiptotal=\skip89
\skiplinenumber=\skip90
\skiprule=\skip91
\skiphlne=\skip92
\skiptext=\skip93
\skiplength=\skip94
\algomargin=\skip95
\skipalgocfslide=\skip96
\algowidth=\dimen271
\inoutsize=\dimen272
\inoutindent=\dimen273
\interspacetitleruled=\dimen274
\interspacealgoruled=\dimen275
\interspacetitleboxruled=\dimen276
\algocf@ruledwidth=\skip97
\algocf@inoutbox=\box109
\algocf@inputbox=\box110
\AlCapSkip=\skip98
\AlCapHSkip=\skip99
\algoskipindent=\skip100
\algocf@nlbox=\box111
\algocf@hangingbox=\box112
\algocf@untilbox=\box113
\algocf@skipuntil=\skip101
\algocf@capbox=\box114
\algocf@lcaptionbox=\skip102
\algoheightruledefault=\skip103
\algoheightrule=\skip104
\algotitleheightruledefault=\skip105
\algotitleheightrule=\skip106
\c@algocfline=\count340
\c@algocfproc=\count341
\c@algocf=\count342
\algocf@algoframe=\box115
\algocf@algobox=\box116
)
(/usr/share/texmf-dist/tex/latex/placeins/placeins.sty
Package: placeins 2005/04/18  v 2.2
)
(/usr/share/texmf-dist/tex/latex/pgf/frontendlayer/tikz.sty
(/usr/share/texmf-dist/tex/latex/pgf/basiclayer/pgf.sty
(/usr/share/texmf-dist/tex/latex/pgf/utilities/pgfrcs.sty
(/usr/share/texmf-dist/tex/generic/pgf/utilities/pgfutil-common.tex
\pgfutil@everybye=\toks42
\pgfutil@tempdima=\dimen277
\pgfutil@tempdimb=\dimen278
)
(/usr/share/texmf-dist/tex/generic/pgf/utilities/pgfutil-latex.def
\pgfutil@abb=\box117
)
(/usr/share/texmf-dist/tex/generic/pgf/utilities/pgfrcs.code.tex
(/usr/share/texmf-dist/tex/generic/pgf/pgf.revision.tex)
Package: pgfrcs 2023-01-15 v3.1.10 (3.1.10)
))
Package: pgf 2023-01-15 v3.1.10 (3.1.10)

(/usr/share/texmf-dist/tex/latex/pgf/basiclayer/pgfcore.sty
(/usr/share/texmf-dist/tex/latex/pgf/systemlayer/pgfsys.sty
(/usr/share/texmf-dist/tex/generic/pgf/systemlayer/pgfsys.code.tex
Package: pgfsys 2023-01-15 v3.1.10 (3.1.10)

(/usr/share/texmf-dist/tex/generic/pgf/utilities/pgfkeys.code.tex
\pgfkeys@pathtoks=\toks43
\pgfkeys@temptoks=\toks44

(/usr/share/texmf-dist/tex/generic/pgf/utilities/pgfkeyslibraryfiltered.code.te
x
\pgfkeys@tmptoks=\toks45
))
\pgf@x=\dimen279
\pgf@y=\dimen280
\pgf@xa=\dimen281
\pgf@ya=\dimen282
\pgf@xb=\dimen283
\pgf@yb=\dimen284
\pgf@xc=\dimen285
\pgf@yc=\dimen286
\pgf@xd=\dimen287
\pgf@yd=\dimen288
\w@pgf@writea=\write3
\r@pgf@reada=\read3
\c@pgf@counta=\count343
\c@pgf@countb=\count344
\c@pgf@countc=\count345
\c@pgf@countd=\count346
\t@pgf@toka=\toks46
\t@pgf@tokb=\toks47
\t@pgf@tokc=\toks48
\pgf@sys@id@count=\count347
 (/usr/share/texmf-dist/tex/generic/pgf/systemlayer/pgf.cfg
File: pgf.cfg 2023-01-15 v3.1.10 (3.1.10)
)
Driver file for pgf: pgfsys-pdftex.def

(/usr/share/texmf-dist/tex/generic/pgf/systemlayer/pgfsys-pdftex.def
File: pgfsys-pdftex.def 2023-01-15 v3.1.10 (3.1.10)

(/usr/share/texmf-dist/tex/generic/pgf/systemlayer/pgfsys-common-pdf.def
File: pgfsys-common-pdf.def 2023-01-15 v3.1.10 (3.1.10)
)))
(/usr/share/texmf-dist/tex/generic/pgf/systemlayer/pgfsyssoftpath.code.tex
File: pgfsyssoftpath.code.tex 2023-01-15 v3.1.10 (3.1.10)
\pgfsyssoftpath@smallbuffer@items=\count348
\pgfsyssoftpath@bigbuffer@items=\count349
)
(/usr/share/texmf-dist/tex/generic/pgf/systemlayer/pgfsysprotocol.code.tex
File: pgfsysprotocol.code.tex 2023-01-15 v3.1.10 (3.1.10)
))
(/usr/share/texmf-dist/tex/latex/xcolor/xcolor.sty
Package: xcolor 2022/06/12 v2.14 LaTeX color extensions (UK)

(/usr/share/texmf-dist/tex/latex/graphics-cfg/color.cfg
File: color.cfg 2016/01/02 v1.6 sample color configuration
)
Package xcolor Info: Driver file: pdftex.def on input line 227.
LaTeX Info: Redefining \color on input line 711.

(/usr/share/texmf-dist/tex/latex/graphics/mathcolor.ltx)
Package xcolor Info: Model `cmy' substituted by `cmy0' on input line 1353.
Package xcolor Info: Model `hsb' substituted by `rgb' on input line 1357.
Package xcolor Info: Model `RGB' extended on input line 1369.
Package xcolor Info: Model `HTML' substituted by `rgb' on input line 1371.
Package xcolor Info: Model `Hsb' substituted by `hsb' on input line 1372.
Package xcolor Info: Model `tHsb' substituted by `hsb' on input line 1373.
Package xcolor Info: Model `HSB' substituted by `hsb' on input line 1374.
Package xcolor Info: Model `Gray' substituted by `gray' on input line 1375.
Package xcolor Info: Model `wave' substituted by `hsb' on input line 1376.
)
(/usr/share/texmf-dist/tex/generic/pgf/basiclayer/pgfcore.code.tex
Package: pgfcore 2023-01-15 v3.1.10 (3.1.10)

(/usr/share/texmf-dist/tex/generic/pgf/math/pgfmath.code.tex
(/usr/share/texmf-dist/tex/generic/pgf/math/pgfmathutil.code.tex)
(/usr/share/texmf-dist/tex/generic/pgf/math/pgfmathparser.code.tex
\pgfmath@dimen=\dimen289
\pgfmath@count=\count350
\pgfmath@box=\box118
\pgfmath@toks=\toks49
\pgfmath@stack@operand=\toks50
\pgfmath@stack@operation=\toks51
)
(/usr/share/texmf-dist/tex/generic/pgf/math/pgfmathfunctions.code.tex)
(/usr/share/texmf-dist/tex/generic/pgf/math/pgfmathfunctions.basic.code.tex)
(/usr/share/texmf-dist/tex/generic/pgf/math/pgfmathfunctions.trigonometric.code
.tex)
(/usr/share/texmf-dist/tex/generic/pgf/math/pgfmathfunctions.random.code.tex)
(/usr/share/texmf-dist/tex/generic/pgf/math/pgfmathfunctions.comparison.code.te
x) (/usr/share/texmf-dist/tex/generic/pgf/math/pgfmathfunctions.base.code.tex)
(/usr/share/texmf-dist/tex/generic/pgf/math/pgfmathfunctions.round.code.tex)
(/usr/share/texmf-dist/tex/generic/pgf/math/pgfmathfunctions.misc.code.tex)
(/usr/share/texmf-dist/tex/generic/pgf/math/pgfmathfunctions.integerarithmetics
.code.tex) (/usr/share/texmf-dist/tex/generic/pgf/math/pgfmathcalc.code.tex)
(/usr/share/texmf-dist/tex/generic/pgf/math/pgfmathfloat.code.tex
\c@pgfmathroundto@lastzeros=\count351
))
(/usr/share/texmf-dist/tex/generic/pgf/math/pgfint.code.tex)
(/usr/share/texmf-dist/tex/generic/pgf/basiclayer/pgfcorepoints.code.tex
File: pgfcorepoints.code.tex 2023-01-15 v3.1.10 (3.1.10)
\pgf@picminx=\dimen290
\pgf@picmaxx=\dimen291
\pgf@picminy=\dimen292
\pgf@picmaxy=\dimen293
\pgf@pathminx=\dimen294
\pgf@pathmaxx=\dimen295
\pgf@pathminy=\dimen296
\pgf@pathmaxy=\dimen297
\pgf@xx=\dimen298
\pgf@xy=\dimen299
\pgf@yx=\dimen300
\pgf@yy=\dimen301
\pgf@zx=\dimen302
\pgf@zy=\dimen303
)
(/usr/share/texmf-dist/tex/generic/pgf/basiclayer/pgfcorepathconstruct.code.tex
File: pgfcorepathconstruct.code.tex 2023-01-15 v3.1.10 (3.1.10)
\pgf@path@lastx=\dimen304
\pgf@path@lasty=\dimen305
) (/usr/share/texmf-dist/tex/generic/pgf/basiclayer/pgfcorepathusage.code.tex
File: pgfcorepathusage.code.tex 2023-01-15 v3.1.10 (3.1.10)
\pgf@shorten@end@additional=\dimen306
\pgf@shorten@start@additional=\dimen307
)
(/usr/share/texmf-dist/tex/generic/pgf/basiclayer/pgfcorescopes.code.tex
File: pgfcorescopes.code.tex 2023-01-15 v3.1.10 (3.1.10)
\pgfpic=\box119
\pgf@hbox=\box120
\pgf@layerbox@main=\box121
\pgf@picture@serial@count=\count352
)
(/usr/share/texmf-dist/tex/generic/pgf/basiclayer/pgfcoregraphicstate.code.tex
File: pgfcoregraphicstate.code.tex 2023-01-15 v3.1.10 (3.1.10)
\pgflinewidth=\dimen308
)
(/usr/share/texmf-dist/tex/generic/pgf/basiclayer/pgfcoretransformations.code.t
ex
File: pgfcoretransformations.code.tex 2023-01-15 v3.1.10 (3.1.10)
\pgf@pt@x=\dimen309
\pgf@pt@y=\dimen310
\pgf@pt@temp=\dimen311
) (/usr/share/texmf-dist/tex/generic/pgf/basiclayer/pgfcorequick.code.tex
File: pgfcorequick.code.tex 2023-01-15 v3.1.10 (3.1.10)
)
(/usr/share/texmf-dist/tex/generic/pgf/basiclayer/pgfcoreobjects.code.tex
File: pgfcoreobjects.code.tex 2023-01-15 v3.1.10 (3.1.10)
)
(/usr/share/texmf-dist/tex/generic/pgf/basiclayer/pgfcorepathprocessing.code.te
x
File: pgfcorepathprocessing.code.tex 2023-01-15 v3.1.10 (3.1.10)
) (/usr/share/texmf-dist/tex/generic/pgf/basiclayer/pgfcorearrows.code.tex
File: pgfcorearrows.code.tex 2023-01-15 v3.1.10 (3.1.10)
\pgfarrowsep=\dimen312
)
(/usr/share/texmf-dist/tex/generic/pgf/basiclayer/pgfcoreshade.code.tex
File: pgfcoreshade.code.tex 2023-01-15 v3.1.10 (3.1.10)
\pgf@max=\dimen313
\pgf@sys@shading@range@num=\count353
\pgf@shadingcount=\count354
)
(/usr/share/texmf-dist/tex/generic/pgf/basiclayer/pgfcoreimage.code.tex
File: pgfcoreimage.code.tex 2023-01-15 v3.1.10 (3.1.10)
)
(/usr/share/texmf-dist/tex/generic/pgf/basiclayer/pgfcoreexternal.code.tex
File: pgfcoreexternal.code.tex 2023-01-15 v3.1.10 (3.1.10)
\pgfexternal@startupbox=\box122
)
(/usr/share/texmf-dist/tex/generic/pgf/basiclayer/pgfcorelayers.code.tex
File: pgfcorelayers.code.tex 2023-01-15 v3.1.10 (3.1.10)
)
(/usr/share/texmf-dist/tex/generic/pgf/basiclayer/pgfcoretransparency.code.tex
File: pgfcoretransparency.code.tex 2023-01-15 v3.1.10 (3.1.10)
) (/usr/share/texmf-dist/tex/generic/pgf/basiclayer/pgfcorepatterns.code.tex
File: pgfcorepatterns.code.tex 2023-01-15 v3.1.10 (3.1.10)
)
(/usr/share/texmf-dist/tex/generic/pgf/basiclayer/pgfcorerdf.code.tex
File: pgfcorerdf.code.tex 2023-01-15 v3.1.10 (3.1.10)
)))
(/usr/share/texmf-dist/tex/generic/pgf/modules/pgfmoduleshapes.code.tex
File: pgfmoduleshapes.code.tex 2023-01-15 v3.1.10 (3.1.10)
\pgfnodeparttextbox=\box123
)
(/usr/share/texmf-dist/tex/generic/pgf/modules/pgfmoduleplot.code.tex
File: pgfmoduleplot.code.tex 2023-01-15 v3.1.10 (3.1.10)
)
(/usr/share/texmf-dist/tex/latex/pgf/compatibility/pgfcomp-version-0-65.sty
Package: pgfcomp-version-0-65 2023-01-15 v3.1.10 (3.1.10)
\pgf@nodesepstart=\dimen314
\pgf@nodesepend=\dimen315
)
(/usr/share/texmf-dist/tex/latex/pgf/compatibility/pgfcomp-version-1-18.sty
Package: pgfcomp-version-1-18 2023-01-15 v3.1.10 (3.1.10)
))
(/usr/share/texmf-dist/tex/latex/pgf/utilities/pgffor.sty
(/usr/share/texmf-dist/tex/latex/pgf/utilities/pgfkeys.sty
(/usr/share/texmf-dist/tex/generic/pgf/utilities/pgfkeys.code.tex))
(/usr/share/texmf-dist/tex/latex/pgf/math/pgfmath.sty
(/usr/share/texmf-dist/tex/generic/pgf/math/pgfmath.code.tex))
(/usr/share/texmf-dist/tex/generic/pgf/utilities/pgffor.code.tex
Package: pgffor 2023-01-15 v3.1.10 (3.1.10)
\pgffor@iter=\dimen316
\pgffor@skip=\dimen317
\pgffor@stack=\toks52
\pgffor@toks=\toks53
))
(/usr/share/texmf-dist/tex/generic/pgf/frontendlayer/tikz/tikz.code.tex
Package: tikz 2023-01-15 v3.1.10 (3.1.10)

(/usr/share/texmf-dist/tex/generic/pgf/libraries/pgflibraryplothandlers.code.te
x
File: pgflibraryplothandlers.code.tex 2023-01-15 v3.1.10 (3.1.10)
\pgf@plot@mark@count=\count355
\pgfplotmarksize=\dimen318
)
\tikz@lastx=\dimen319
\tikz@lasty=\dimen320
\tikz@lastxsaved=\dimen321
\tikz@lastysaved=\dimen322
\tikz@lastmovetox=\dimen323
\tikz@lastmovetoy=\dimen324
\tikzleveldistance=\dimen325
\tikzsiblingdistance=\dimen326
\tikz@figbox=\box124
\tikz@figbox@bg=\box125
\tikz@tempbox=\box126
\tikz@tempbox@bg=\box127
\tikztreelevel=\count356
\tikznumberofchildren=\count357
\tikznumberofcurrentchild=\count358
\tikz@fig@count=\count359
 (/usr/share/texmf-dist/tex/generic/pgf/modules/pgfmodulematrix.code.tex
File: pgfmodulematrix.code.tex 2023-01-15 v3.1.10 (3.1.10)
\pgfmatrixcurrentrow=\count360
\pgfmatrixcurrentcolumn=\count361
\pgf@matrix@numberofcolumns=\count362
)
\tikz@expandcount=\count363

(/usr/share/texmf-dist/tex/generic/pgf/frontendlayer/tikz/libraries/tikzlibrary
topaths.code.tex
File: tikzlibrarytopaths.code.tex 2023-01-15 v3.1.10 (3.1.10)
)))
(/usr/share/texmf-dist/tex/generic/pgf/frontendlayer/tikz/libraries/tikzlibrary
fit.code.tex
File: tikzlibraryfit.code.tex 2023-01-15 v3.1.10 (3.1.10)
)
(/usr/share/texmf-dist/tex/generic/pgf/frontendlayer/tikz/libraries/tikzlibrary
backgrounds.code.tex
File: tikzlibrarybackgrounds.code.tex 2023-01-15 v3.1.10 (3.1.10)
\pgf@layerbox@background=\box128
\pgf@layerboxsaved@background=\box129
)
(/usr/share/texmf-dist/tex/generic/pgf/frontendlayer/tikz/libraries/tikzlibrary
calc.code.tex
File: tikzlibrarycalc.code.tex 2023-01-15 v3.1.10 (3.1.10)
)
(/usr/share/texmf-dist/tex/generic/pgf/frontendlayer/tikz/libraries/tikzlibrary
positioning.code.tex
File: tikzlibrarypositioning.code.tex 2023-01-15 v3.1.10 (3.1.10)
) (/usr/share/texmf-dist/tex/latex/booktabs/booktabs.sty
Package: booktabs 2020/01/12 v1.61803398 Publication quality tables
\heavyrulewidth=\dimen327
\lightrulewidth=\dimen328
\cmidrulewidth=\dimen329
\belowrulesep=\dimen330
\belowbottomsep=\dimen331
\aboverulesep=\dimen332
\abovetopsep=\dimen333
\cmidrulesep=\dimen334
\cmidrulekern=\dimen335
\defaultaddspace=\dimen336
\@cmidla=\count364
\@cmidlb=\count365
\@aboverulesep=\dimen337
\@belowrulesep=\dimen338
\@thisruleclass=\count366
\@lastruleclass=\count367
\@thisrulewidth=\dimen339
)
\@glossaryfile=\write4
\openout4 = `tese.glo'.


Writing glossary file tese.glo 
Package csquotes Info: Checking for multilingual support...
Package csquotes Info: ... found 'babel' package.
Package csquotes Info: Adjusting default style.
Package csquotes Info: Redefining alias 'default' -> 'english'.
LaTeX Font Info:    Trying to load font information for T1+aer on input line 14
0.
(/usr/share/texmf-dist/tex/latex/ae/t1aer.fd
File: t1aer.fd 1997/11/16 Font definitions for T1/aer.
)
(/usr/share/texmf-dist/tex/latex/l3backend/l3backend-pdftex.def
File: l3backend-pdftex.def 2023-01-16 L3 backend support: PDF output (pdfTeX)
\l__color_backend_stack_int=\count368
\l__pdf_internal_box=\box130
) (./tese.aux)
\openout1 = `tese.aux'.

LaTeX Font Info:    Checking defaults for OML/cmm/m/it on input line 140.
LaTeX Font Info:    ... okay on input line 140.
LaTeX Font Info:    Checking defaults for OMS/cmsy/m/n on input line 140.
LaTeX Font Info:    ... okay on input line 140.
LaTeX Font Info:    Checking defaults for OT1/cmr/m/n on input line 140.
LaTeX Font Info:    ... okay on input line 140.
LaTeX Font Info:    Checking defaults for T1/cmr/m/n on input line 140.
LaTeX Font Info:    ... okay on input line 140.
LaTeX Font Info:    Checking defaults for TS1/cmr/m/n on input line 140.
LaTeX Font Info:    ... okay on input line 140.
LaTeX Font Info:    Checking defaults for OMX/cmex/m/n on input line 140.
LaTeX Font Info:    ... okay on input line 140.
LaTeX Font Info:    Checking defaults for U/cmr/m/n on input line 140.
LaTeX Font Info:    ... okay on input line 140.
LaTeX Font Info:    Checking defaults for PD1/pdf/m/n on input line 140.
LaTeX Font Info:    ... okay on input line 140.
LaTeX Font Info:    Checking defaults for PU/pdf/m/n on input line 140.
LaTeX Font Info:    ... okay on input line 140.
Package caption Info: Begin \AtBeginDocument code.
Package caption Info: subfig package v1.3 is loaded.
Package caption Info: float package is loaded.
Package caption Info: hyperref package is loaded.
Package caption Info: longtable package is loaded.

(/usr/share/texmf-dist/tex/latex/caption/ltcaption.sty
Package: ltcaption 2021/01/08 v1.4c longtable captions (AR)
)
Package caption Info: End \AtBeginDocument code.

(/usr/share/texmf-dist/tex/context/base/mkii/supp-pdf.mkii
[Loading MPS to PDF converter (version 2006.09.02).]
\scratchcounter=\count369
\scratchdimen=\dimen340
\scratchbox=\box131
\nofMPsegments=\count370
\nofMParguments=\count371
\everyMPshowfont=\toks54
\MPscratchCnt=\count372
\MPscratchDim=\dimen341
\MPnumerator=\count373
\makeMPintoPDFobject=\count374
\everyMPtoPDFconversion=\toks55
) (/usr/share/texmf-dist/tex/latex/epstopdf-pkg/epstopdf-base.sty
Package: epstopdf-base 2020-01-24 v2.11 Base part for package epstopdf
Package epstopdf-base Info: Redefining graphics rule for `.eps' on input line 4
85.

(/usr/share/texmf-dist/tex/latex/latexconfig/epstopdf-sys.cfg
File: epstopdf-sys.cfg 2010/07/13 v1.3 Configuration of (r)epstopdf for TeX Liv
e
))
Package hyperref Info: Link coloring ON on input line 140.
 (./tese.out)
(./tese.out)
\@outlinefile=\write5
\openout5 = `tese.out'.

Package hyperref Info: Anchor `Doc-Start' on input line 140.

*geometry* detected driver: pdftex
*geometry* verbose mode - [ preamble ] result:
* driver: pdftex
* paper: a4paper
* layout: <same size as paper>
* layoutoffset:(h,v)=(0.0pt,0.0pt)
* modes: 
* h-part:(L,W,R)=(85.35826pt, 455.24411pt, 56.9055pt)
* v-part:(T,H,B)=(85.35826pt, 702.78308pt, 56.9055pt)
* \paperwidth=597.50787pt
* \paperheight=845.04684pt
* \textwidth=455.24411pt
* \textheight=702.78308pt
* \oddsidemargin=13.08827pt
* \evensidemargin=13.08827pt
* \topmargin=-17.07156pt
* \headheight=15.93347pt
* \headsep=14.22636pt
* \topskip=12.0pt
* \footskip=35.2414pt
* \marginparwidth=38.0pt
* \marginparsep=7.0pt
* \columnsep=10.0pt
* \skip\footins=10.8pt plus 4.0pt minus 2.0pt
* \hoffset=0.0pt
* \voffset=0.0pt
* \mag=1000
* \@twocolumnfalse
* \@twosidefalse
* \@mparswitchfalse
* \@reversemarginfalse
* (1in=72.27pt=25.4mm, 1cm=28.453pt)

\c@butlastpage=\count375
(./PreTextuais/main.tex
Package hyperref Info: Anchor `cover.0' on input line 2.
<ita/ita_logo.jpg, id=187, 2551.5325pt x 978.65625pt>
File: ita/ita_logo.jpg Graphic file (type jpg)
<use ita/ita_logo.jpg>
Package pdftex.def Info: ita/ita_logo.jpg  used on input line 2.
(pdftex.def)             Requested size: 227.62206pt x 87.29874pt.
LaTeX Font Info:    Trying to load font information for U+msa on input line 2.
 (/usr/share/texmf-dist/tex/latex/amsfonts/umsa.fd
File: umsa.fd 2013/01/14 v3.01 AMS symbols A
)
LaTeX Font Info:    Trying to load font information for U+msb on input line 2.

(/usr/share/texmf-dist/tex/latex/amsfonts/umsb.fd
File: umsb.fd 2013/01/14 v3.01 AMS symbols B
)
Overfull \hbox (5.57451pt too wide) in paragraph at lines 2--2
[] []
 []


Underfull \hbox (badness 10000) in paragraph at lines 2--2

 []

Package hyperref Info: Anchor `titulo.0' on input line 2.
Package hyperref Info: Anchor `page.i' on input line 2.
[1



{/var/lib/texmf/fonts/map/pdftex/updmap/pdftex.map} <./ita/ita_logo.jpg>]
Package hyperref Info: Anchor `page.ii' on input line 2.

[2]
Package hyperref Info: Anchor `cip.0' on input line 2.

Underfull \hbox (badness 10000) in paragraph at lines 2--2

 []

Package hyperref Info: Anchor `page.iii' on input line 2.
[3]
Package hyperref Info: Anchor `aprovacao.0' on input line 2.
Package hyperref Info: Anchor `page.iv' on input line 2.
 [4]
Package hyperref Info: Anchor `dedication.0' on input line 5.

Underfull \hbox (badness 2856) in paragraph at lines 6--7
[]\T1/aer/m/n/12 Aos ami-gos da Grad-u-ação do ITA
 []

Package hyperref Info: Anchor `page.iv' on input line 7.

pdfTeX warning (ext4): destination with the same identifier (name{page.iv}) has
 been already used, duplicate ignored
<to be read again> 
                   \relax 
l.7 \end{itadedication}
                        [4]
Package hyperref Info: Anchor `chapter*.1' on input line 11.
Package hyperref Info: Anchor `acknowledgment.0' on input line 11.
 (./PreTextuais/agradecimentos.tex)
Package hyperref Info: Anchor `page.v' on input line 12.
 [5

]
Package hyperref Info: Anchor `epigrafe.0' on input line 16.

(./PreTextuais/epigrafe.tex
LaTeX Font Info:    Trying to load font information for T1+aess on input line 1
.
 (/usr/share/texmf-dist/tex/latex/ae/t1aess.fd
File: t1aess.fd 1997/11/16 Font definitions for T1/aess.
)
LaTeX Font Info:    Font shape `T1/aess/m/it' in size <12> not available
(Font)              Font shape `T1/aess/m/sl' tried instead on input line 1.
)
Package hyperref Info: Anchor `page.vi' on input line 31.

[6]
Package hyperref Info: Anchor `chapter*.2' on input line 31.
Package hyperref Info: Anchor `abstract.0' on input line 31.
 (./PreTextuais/abstract.tex)
Package hyperref Info: Anchor `page.vii' on input line 37.
 [7

]
Package hyperref Info: Anchor `chapter*.3' on input line 37.
Package hyperref Info: Anchor `listafiguras.0' on input line 37.
 (./tese.lof
Package hyperref Info: Reference (link) `figure.caption.6' on input line 4.
Package hyperref Info: Reference (link) `figure.caption.7' on input line 5.
Package hyperref Info: Reference (link) `figure.caption.9' on input line 6.
Package hyperref Info: Reference (link) `figure.caption.10' on input line 8.
Package hyperref Info: Reference (cite) `cite.Munoz2018' on input line 8.
Package hyperref Info: Reference (cite) `cite.Munoz2018' on input line 8.
Package hyperref Info: Reference (link) `figure.caption.11' on input line 9.
Package hyperref Info: Reference (cite) `cite.Lorena2022' on input line 9.
Package hyperref Info: Reference (cite) `cite.Lorena2022' on input line 9.
)
\tf@lof=\write6
\openout6 = `tese.lof'.

Package hyperref Info: Anchor `page.viii' on input line 40.
 [8

Package `hyperref' Info: End of reference (link) `figure.caption.6', line 4.
Package `hyperref' Info: End of reference (link) `figure.caption.7', line 5.
Package `hyperref' Info: End of reference (link) `figure.caption.9', line 6.
Package `hyperref' Info: End of reference (cite) `cite.Munoz2018', line 8.
Package `hyperref' Info: End of reference (cite) `cite.Munoz2018', line 8.
Package `hyperref' Info: End of reference (link) `figure.caption.10', line 8.
Package `hyperref' Info: End of reference (cite) `cite.Lorena2022', line 9.
Package `hyperref' Info: End of reference (cite) `cite.Lorena2022', line 9.
Package `hyperref' Info: End of reference (link) `figure.caption.11', line 9.
]
Package hyperref Info: Anchor `chapter*.4' on input line 40.
Package hyperref Info: Anchor `listatabelas.0' on input line 40.
 (./tese.lot
Package hyperref Info: Reference (link) `table.caption.12' on input line 5.
Package hyperref Info: Reference (cite) `cite.Lorena2022' on input line 5.
Package hyperref Info: Reference (cite) `cite.Lorena2022' on input line 5.
)
\tf@lot=\write7
\openout7 = `tese.lot'.

Package hyperref Info: Anchor `page.ix' on input line 51.
 [9

Package `hyperref' Info: End of reference (cite) `cite.Lorena2022', line 5.
Package `hyperref' Info: End of reference (cite) `cite.Lorena2022', line 5.
Package `hyperref' Info: End of reference (link) `table.caption.12', line 5.
]
Package hyperref Info: Anchor `chapter*.5' on input line 51.
Package hyperref Info: Anchor `contents.0' on input line 51.

(./tese.toc
Underfull \hbox (badness 10000) in paragraph at lines 2--2
 []  
 []

Package hyperref Info: Reference (link) `chapter.1' on input line 2.
Package hyperref Info: Reference (link) `section.1.1' on input line 3.
Package hyperref Info: Reference (link) `section.1.2' on input line 4.
Package hyperref Info: Reference (link) `section.1.3' on input line 5.
Package hyperref Info: Reference (link) `section.1.4' on input line 6.

Underfull \hbox (badness 10000) in paragraph at lines 7--7
 []  
 []

Package hyperref Info: Reference (link) `chapter.2' on input line 7.
Package hyperref Info: Reference (link) `section.2.1' on input line 8.
Package hyperref Info: Reference (link) `section.2.2' on input line 9.
Package hyperref Info: Reference (link) `subsection.2.2.1' on input line 10.
Package hyperref Info: Reference (link) `subsection.2.2.2' on input line 11.
Package hyperref Info: Reference (link) `subsection.2.2.3' on input line 12.
Package hyperref Info: Reference (link) `section.2.3' on input line 15.

Underfull \hbox (badness 10000) in paragraph at lines 16--16
 []  
 []

Package hyperref Info: Reference (link) `chapter.3' on input line 16.
Package hyperref Info: Reference (link) `section.3.1' on input line 17.
Package hyperref Info: Reference (link) `subsection.3.1.1' on input line 18.
Package hyperref Info: Reference (link) `subsection.3.1.2' on input line 19.
Package hyperref Info: Reference (link) `section.3.2' on input line 20.
Package hyperref Info: Reference (link) `subsection.3.2.1' on input line 21.
Package hyperref Info: Reference (link) `subsection.3.2.2' on input line 22.
Package hyperref Info: Reference (link) `subsection.3.2.3' on input line 23.
Package hyperref Info: Reference (link) `subsection.3.2.4' on input line 24.

Underfull \hbox (badness 10000) in paragraph at lines 25--25
 []  
 []

Package hyperref Info: Reference (link) `chapter.4' on input line 25.
Package hyperref Info: Anchor `page.x' on input line 25.
[10

Package `hyperref' Info: End of reference (link) `chapter.1', line 2.
Package `hyperref' Info: End of reference (link) `section.1.1', line 3.
Package `hyperref' Info: End of reference (link) `section.1.2', line 4.
Package `hyperref' Info: End of reference (link) `section.1.3', line 5.
Package `hyperref' Info: End of reference (link) `section.1.4', line 6.
Package `hyperref' Info: End of reference (link) `chapter.2', line 7.
Package `hyperref' Info: End of reference (link) `section.2.1', line 8.
Package `hyperref' Info: End of reference (link) `section.2.2', line 9.
Package `hyperref' Info: End of reference (link) `subsection.2.2.1', line 10.
Package `hyperref' Info: End of reference (link) `subsection.2.2.2', line 11.
Package `hyperref' Info: End of reference (link) `subsection.2.2.3', line 12.
Package `hyperref' Info: End of reference (link) `section.2.3', line 15.
Package `hyperref' Info: End of reference (link) `chapter.3', line 16.
Package `hyperref' Info: End of reference (link) `section.3.1', line 17.
Package `hyperref' Info: End of reference (link) `subsection.3.1.1', line 18.
Package `hyperref' Info: End of reference (link) `subsection.3.1.2', line 19.
Package `hyperref' Info: End of reference (link) `section.3.2', line 20.
Package `hyperref' Info: End of reference (link) `subsection.3.2.1', line 21.
Package `hyperref' Info: End of reference (link) `subsection.3.2.2', line 22.
Package `hyperref' Info: End of reference (link) `subsection.3.2.3', line 23.
Package `hyperref' Info: End of reference (link) `subsection.3.2.4', line 24.
]
Package hyperref Info: Reference (link) `section.4.1' on input line 26.
Package hyperref Info: Reference (link) `section.4.2' on input line 27.
Package hyperref Info: Reference (link) `section.4.3' on input line 28.

Underfull \hbox (badness 10000) in paragraph at lines 29--29
 []  
 []

Package hyperref Info: Reference (link) `chapter.5' on input line 29.
Package hyperref Info: Reference (link) `section.5.1' on input line 30.

Underfull \hbox (badness 10000) in paragraph at lines 31--31
 []  
 []

Package hyperref Info: Reference (link) `chapter.6' on input line 31.
Package hyperref Info: Reference (link) `section.6.1' on input line 32.
Package hyperref Info: Reference (link) `section.6.2' on input line 33.

Underfull \hbox (badness 10000) in paragraph at lines 34--34
 []  
 []

Package hyperref Info: Reference (link) `chapter.7' on input line 34.

Underfull \hbox (badness 10000) in paragraph at lines 36--36
 []  
 []

Package hyperref Info: Reference (link) `appendix.A' on input line 36.
Package hyperref Info: Reference (link) `section.A.1' on input line 37.
Package hyperref Info: Reference (link) `subsection.3.2.1' on input line 37.
)
\tf@toc=\write8
\openout8 = `tese.toc'.

)
Package hyperref Info: Anchor `page.xi' on input line 143.
 [11
Package `hyperref' Info: End of reference (link) `chapter.4', line 25.
Package `hyperref' Info: End of reference (link) `section.4.1', line 26.
Package `hyperref' Info: End of reference (link) `section.4.2', line 27.
Package `hyperref' Info: End of reference (link) `section.4.3', line 28.
Package `hyperref' Info: End of reference (link) `chapter.5', line 29.
Package `hyperref' Info: End of reference (link) `section.5.1', line 30.
Package `hyperref' Info: End of reference (link) `chapter.6', line 31.
Package `hyperref' Info: End of reference (link) `section.6.1', line 32.
Package `hyperref' Info: End of reference (link) `section.6.2', line 33.
Package `hyperref' Info: End of reference (link) `chapter.7', line 34.
Package `hyperref' Info: End of reference (link) `appendix.A', line 36.
Package `hyperref' Info: End of reference (link) `subsection.3.2.1', line 37.
Package `hyperref' Info: End of reference (link) `section.A.1', line 37.
]
Package hyperref Info: Anchor `chapter.1' on input line 146.

Chapter 1.
pdftex: bookmark at 146: {1} {\numberline{1}Introduction} {chapter.1}{0}{toc}
(./Cap1/cap1.tex
Package hyperref Info: Anchor `section.1.1' on input line 1.

pdftex: bookmark at 1: {1.1} {\numberline{1.1}Motivation} {section.1.1}{1}{toc}

Package hyperref Info: Reference (cite) `cite.Lorena2022' on input line 2.
Package hyperref Info: Reference (cite) `cite.Lorena2022' on input line 2.
Package hyperref Info: Reference (cite) `cite.Munoz2018' on input line 6.
Package hyperref Info: Reference (cite) `cite.Munoz2018' on input line 6.
Package hyperref Info: Reference (cite) `cite.Lorena2022' on input line 6.
Package hyperref Info: Reference (cite) `cite.Lorena2022' on input line 6.
Package hyperref Info: Reference (cite) `cite.Goodfellow2014' on input line 8.
Package hyperref Info: Reference (cite) `cite.Goodfellow2014' on input line 8.
Package hyperref Info: Anchor `section.1.2' on input line 12.
pdftex: bookmark at 12: {1.2} {\numberline{1.2}Objective} {section.1.2}{1}{toc}

Package hyperref Info: Anchor `page.12' on input line 15.
[12


Package `hyperref' Info: End of reference (cite) `cite.Lorena2022', line 2.
Package `hyperref' Info: End of reference (cite) `cite.Lorena2022', line 2.
Package `hyperref' Info: End of reference (cite) `cite.Munoz2018', line 6.
Package `hyperref' Info: End of reference (cite) `cite.Munoz2018', line 6.
Package `hyperref' Info: End of reference (cite) `cite.Lorena2022', line 6.
Package `hyperref' Info: End of reference (cite) `cite.Lorena2022', line 6.
Package `hyperref' Info: End of reference (cite) `cite.Goodfellow2014', line 8.

Package `hyperref' Info: End of reference (cite) `cite.Goodfellow2014', line 8.

]
Package hyperref Info: Anchor `section.1.3' on input line 16.

pdftex: bookmark at 16: {1.3} {\numberline{1.3}Scope} {section.1.3}{1}{toc}
Package hyperref Info: Reference (cite) `cite.paszke2019pytorch' on input line 
18.
Package hyperref Info: Reference (cite) `cite.paszke2019pytorch' on input line 
18.
Package hyperref Info: Reference (cite) `cite.Lorena2022' on input line 18.
Package hyperref Info: Reference (cite) `cite.Lorena2022' on input line 18.
Package hyperref Info: Anchor `section.1.4' on input line 35.
pdftex: bookmark at 35: {1.4} {\numberline{1.4}Outline of this work} {section.1
.4}{1}{toc}
)
Package hyperref Info: Anchor `page.13' on input line 149.
 [13
Package `hyperref' Info: End of reference (cite) `cite.paszke2019pytorch', line
 18.
Package `hyperref' Info: End of reference (cite) `cite.paszke2019pytorch', line
 18.
Package `hyperref' Info: End of reference (cite) `cite.Lorena2022', line 18.
Package `hyperref' Info: End of reference (cite) `cite.Lorena2022', line 18.
]
Package hyperref Info: Anchor `chapter.2' on input line 149.

Chapter 2.
pdftex: bookmark at 149: {2} {\numberline{2}Machine Learning} {chapter.2}{0}{to
c}
(./Cap2/cap2.tex
Package hyperref Info: Anchor `section.2.1' on input line 4.

pdftex: bookmark at 4: {2.1} {\numberline{2.1}Classification} {section.2.1}{1}{
toc}
LaTeX Font Info:    Trying to load font information for TS1+aer on input line 1
1.
LaTeX Font Info:    No file TS1aer.fd. on input line 11.

LaTeX Font Warning: Font shape `TS1/aer/m/n' undefined
(Font)              using `TS1/cmr/m/n' instead
(Font)              for symbol `textbullet' on input line 11.

Package hyperref Info: Anchor `section.2.2' on input line 17.
pdftex: bookmark at 17: {2.2} {\numberline{2.2}Neural networks} {section.2.2}{1
}{toc}
Package hyperref Info: Reference (cite) `cite.Puri2016' on input line 20.
Package hyperref Info: Reference (cite) `cite.Puri2016' on input line 20.
Package hyperref Info: Anchor `subsection.2.2.1' on input line 22.
pdftex: bookmark at 22: {2.2.1} {\numberline{2.2.1}Artificial neuron} {subsecti
on.2.2.1}{2}{toc}
Package hyperref Info: Anchor `page.14' on input line 26.
[14

{/usr/share/texmf-dist/fonts/enc/dvips/cm-super/cm-super-ts1.enc}
Package `hyperref' Info: End of reference (cite) `cite.Puri2016', line 20.
Package `hyperref' Info: End of reference (cite) `cite.Puri2016', line 20.
]
Package hyperref Info: Anchor `equation.2.2.1' on input line 26.
Package hyperref Info: Anchor `equation.2.2.1' on input line 26.
Package hyperref Info: Anchor `equation.2.2.1' on input line 26.
Package hyperref Info: Anchor `equation.2.2.1' on input line 26.
Package hyperref Info: Anchor `equation.2.2.2' on input line 32.
Package hyperref Info: Anchor `equation.2.2.2' on input line 32.
Package hyperref Info: Anchor `equation.2.2.2' on input line 32.
Package hyperref Info: Anchor `equation.2.2.2' on input line 32.
Package hyperref Info: Reference (link) `figure.caption.6' on input line 41.
Package hyperref Info: Reference (cite) `cite.HORNIK1989' on input line 41.
Package hyperref Info: Reference (cite) `cite.HORNIK1989' on input line 41.
Package hyperref Info: Anchor `figure.caption.6' on input line 43.

pdftex: bookmark at 72: {2.1} {\numberline{2.1}{\ignorespaces Model of an artif
icial neuron.\relax }} {figure.caption.6}{0}{lof}
Package hyperref Info: Anchor `subsection.2.2.2' on input line 75.
pdftex: bookmark at 75: {2.2.2} {\numberline{2.2.2}The network} {subsection.2.2
.2}{2}{toc}
Package hyperref Info: Reference (link) `figure.caption.7' on input line 77.
Package hyperref Info: Anchor `figure.caption.7' on input line 79.
pdftex: bookmark at 113: {2.2} {\numberline{2.2}{\ignorespaces A model of a sim
ple fully-connected neural network with 3 inputs, 3 outputs and a hidden layer 
with 4 nodes.\relax }} {figure.caption.7}{0}{lof}
Package hyperref Info: Anchor `subsection.2.2.3' on input line 116.
pdftex: bookmark at 116: {2.2.3} {\numberline{2.2.3}Learning} {subsection.2.2.3
}{2}{toc}
Package hyperref Info: Anchor `page.15' on input line 119.
[15
Package `hyperref' Info: End of reference (link) `figure.caption.6', line 41.
Package `hyperref' Info: End of reference (cite) `cite.HORNIK1989', line 41.
Package `hyperref' Info: End of reference (cite) `cite.HORNIK1989', line 41.
Package `hyperref' Info: End of reference (link) `figure.caption.7', line 77.
]
Package hyperref Info: Reference (cite) `cite.kingma2017adam' on input line 120
.
Package hyperref Info: Reference (cite) `cite.kingma2017adam' on input line 120
.
Package hyperref Info: Anchor `subsubsection.2.2.3.1' on input line 122.

pdftex: bookmark at 122: {2.2.3.1} {\numberline{2.2.3.1}Learning rate} {subsubs
ection.2.2.3.1}{3}{toc}
Package hyperref Info: Anchor `subsubsection.2.2.3.2' on input line 126.
pdftex: bookmark at 126: {2.2.3.2} {\numberline{2.2.3.2}Backpropagation} {subsu
bsection.2.2.3.2}{3}{toc}
Package hyperref Info: Anchor `section.2.3' on input line 130.
pdftex: bookmark at 130: {2.3} {\numberline{2.3}Generative Adversarial Networks
} {section.2.3}{1}{toc}
Package hyperref Info: Reference (cite) `cite.Goodfellow2014' on input line 132
.
Package hyperref Info: Reference (cite) `cite.Goodfellow2014' on input line 132
.
Package hyperref Info: Anchor `page.16' on input line 133.
[16
Package `hyperref' Info: End of reference (cite) `cite.kingma2017adam', line 12
0.
Package `hyperref' Info: End of reference (cite) `cite.kingma2017adam', line 12
0.
]
Package hyperref Info: Reference (cite) `cite.Goodfellow2014' on input line 136
.
Package hyperref Info: Reference (cite) `cite.Goodfellow2014' on input line 136
.
Package hyperref Info: Anchor `equation.2.3.3' on input line 138.
Package hyperref Info: Anchor `equation.2.3.3' on input line 138.
Package hyperref Info: Anchor `equation.2.3.3' on input line 138.
Package hyperref Info: Anchor `equation.2.3.3' on input line 138.
Package hyperref Info: Reference (link) `figure.caption.9' on input line 142.
Package hyperref Info: Reference (link) `algocf.1' on input line 142.
Package hyperref Info: Reference (cite) `cite.Goodfellow2014' on input line 142
.
Package hyperref Info: Reference (cite) `cite.Goodfellow2014' on input line 142
.
Package hyperref Info: Anchor `algocfline.1' on input line 145.
Package hyperref Info: Anchor `algocf.caption.8' on input line 145.
Package hyperref Info: Anchor `algocf.1' on input line 145.

pdftex: bookmark at 145: {1} {\numberline{1}{\ignorespaces Minibatch stochastic
 gradient descent training of GANs as defined in \cite {Goodfellow2014}. The nu
mber of steps to apply to the discriminator is a hyperparameter $k$.\relax }} {
algocf.1}{0}{loa}
Package hyperref Info: Reference (cite) `cite.Goodfellow2014' on input line 145
.
Package hyperref Info: Reference (cite) `cite.Goodfellow2014' on input line 145
.
Package hyperref Info: Anchor `figure.caption.9' on input line 159.
pdftex: bookmark at 181: {2.3} {\numberline{2.3}{\ignorespaces Flowchart of the
 GAN training model.\relax }} {figure.caption.9}{0}{lof}
Package hyperref Info: Reference (link) `equation.2.3.3' on input line 184.
Package hyperref Info: Reference (cite) `cite.Goodfellow2014' on input line 184
.
Package hyperref Info: Reference (cite) `cite.Goodfellow2014' on input line 184
.
)
Package hyperref Info: Anchor `page.17' on input line 151.
 [17
Package `hyperref' Info: End of reference (cite) `cite.Goodfellow2014', line 13
2.
Package `hyperref' Info: End of reference (cite) `cite.Goodfellow2014', line 13
2.
Package `hyperref' Info: End of reference (cite) `cite.Goodfellow2014', line 13
6.
Package `hyperref' Info: End of reference (cite) `cite.Goodfellow2014', line 13
6.
Package `hyperref' Info: End of reference (link) `figure.caption.9', line 142.
Package `hyperref' Info: End of reference (link) `algocf.1', line 142.
Package `hyperref' Info: End of reference (cite) `cite.Goodfellow2014', line 14
2.
Package `hyperref' Info: End of reference (cite) `cite.Goodfellow2014', line 14
2.
]
Package hyperref Info: Anchor `page.18' on input line 152.
 [18
Package `hyperref' Info: End of reference (cite) `cite.Goodfellow2014', line 14
5.
Package `hyperref' Info: End of reference (cite) `cite.Goodfellow2014', line 14
5.
Package `hyperref' Info: End of reference (link) `equation.2.3.3', line 184.
Package `hyperref' Info: End of reference (cite) `cite.Goodfellow2014', line 18
4.
Package `hyperref' Info: End of reference (cite) `cite.Goodfellow2014', line 18
4.
]
Package hyperref Info: Anchor `chapter.3' on input line 152.

Chapter 3.
pdftex: bookmark at 152: {3} {\numberline{3}Instance Space Analysis} {chapter.3
}{0}{toc}
(./Cap3/cap3.tex
Package hyperref Info: Reference (cite) `cite.Munoz2018' on input line 1.
Package hyperref Info: Reference (cite) `cite.Munoz2018' on input line 1.
Package hyperref Info: Reference (cite) `cite.Lorena2022' on input line 1.
Package hyperref Info: Reference (cite) `cite.Lorena2022' on input line 1.
Package hyperref Info: Anchor `section.3.1' on input line 3.

pdftex: bookmark at 3: {3.1} {\numberline{3.1}Instance spaces} {section.3.1}{1}
{toc}
Package hyperref Info: Reference (cite) `cite.RICE1976' on input line 5.
Package hyperref Info: Reference (cite) `cite.RICE1976' on input line 5.
Package hyperref Info: Reference (link) `figure.caption.10' on input line 5.
Package hyperref Info: Anchor `figure.caption.10' on input line 15.
pdftex: bookmark at 45: {3.1} {\numberline{3.1}{\ignorespaces ISA framework. Ex
tracted from \cite {Munoz2018}. The ASP is highlighted in blue.\relax }} {figur
e.caption.10}{0}{lof}
Package hyperref Info: Reference (cite) `cite.Munoz2018' on input line 45.
Package hyperref Info: Reference (cite) `cite.Munoz2018' on input line 45.
Package hyperref Info: Reference (cite) `cite.Munoz2018' on input line 45.
Package hyperref Info: Reference (cite) `cite.Munoz2018' on input line 45.
Package hyperref Info: Anchor `equation.3.1.1' on input line 50.
Package hyperref Info: Anchor `equation.3.1.1' on input line 50.
Package hyperref Info: Anchor `equation.3.1.1' on input line 50.
Package hyperref Info: Anchor `equation.3.1.1' on input line 50.
Package hyperref Info: Anchor `page.19' on input line 55.
[19

Package `hyperref' Info: End of reference (cite) `cite.Munoz2018', line 1.
Package `hyperref' Info: End of reference (cite) `cite.Munoz2018', line 1.
Package `hyperref' Info: End of reference (cite) `cite.Lorena2022', line 1.
Package `hyperref' Info: End of reference (cite) `cite.Lorena2022', line 1.
Package `hyperref' Info: End of reference (cite) `cite.RICE1976', line 5.
Package `hyperref' Info: End of reference (cite) `cite.RICE1976', line 5.
Package `hyperref' Info: End of reference (link) `figure.caption.10', line 5.
]
Package hyperref Info: Anchor `equation.3.1.2' on input line 56.
Package hyperref Info: Anchor `equation.3.1.2' on input line 56.
Package hyperref Info: Anchor `equation.3.1.2' on input line 56.
Package hyperref Info: Anchor `equation.3.1.2' on input line 56.
Package hyperref Info: Anchor `page.20' on input line 63.
 [20
Package `hyperref' Info: End of reference (cite) `cite.Munoz2018', line 45.
Package `hyperref' Info: End of reference (cite) `cite.Munoz2018', line 45.
]
Package hyperref Info: Reference (cite) `cite.Munoz2018' on input line 68.
Package hyperref Info: Reference (cite) `cite.Munoz2018' on input line 68.
Package hyperref Info: Anchor `Item.1' on input line 71.
Package hyperref Info: Anchor `Item.2' on input line 72.
Package hyperref Info: Anchor `Item.3' on input line 73.
Package hyperref Info: Anchor `Item.4' on input line 74.
Package hyperref Info: Anchor `subsection.3.1.1' on input line 77.

pdftex: bookmark at 77: {3.1.1} {\numberline{3.1.1}Instance Space construction}
 {subsection.3.1.1}{2}{toc}
Package hyperref Info: Reference (cite) `cite.Munoz2018' on input line 79.
Package hyperref Info: Reference (cite) `cite.Munoz2018' on input line 79.
Package hyperref Info: Anchor `equation.3.1.3' on input line 81.
Package hyperref Info: Anchor `equation.3.1.3' on input line 81.
Package hyperref Info: Anchor `equation.3.1.3' on input line 81.
Package hyperref Info: Anchor `equation.3.1.3' on input line 81.
Package hyperref Info: Anchor `equation.3.1.4' on input line 91.
Package hyperref Info: Anchor `equation.3.1.5' on input line 91.
Package hyperref Info: Anchor `equation.3.1.6' on input line 91.
Package hyperref Info: Reference (cite) `cite.Lorena2022' on input line 93.
Package hyperref Info: Reference (cite) `cite.Lorena2022' on input line 93.
Package hyperref Info: Anchor `page.21' on input line 94.
[21
Package `hyperref' Info: End of reference (cite) `cite.Munoz2018', line 68.
Package `hyperref' Info: End of reference (cite) `cite.Munoz2018', line 68.
Package `hyperref' Info: End of reference (cite) `cite.Munoz2018', line 79.
Package `hyperref' Info: End of reference (cite) `cite.Munoz2018', line 79.
]
Package hyperref Info: Anchor `subsection.3.1.2' on input line 95.

pdftex: bookmark at 95: {3.1.2} {\numberline{3.1.2}Footprint analysis} {subsect
ion.3.1.2}{2}{toc}
Package hyperref Info: Reference (cite) `cite.Munoz2018' on input line 97.
Package hyperref Info: Reference (cite) `cite.Munoz2018' on input line 97.
Package hyperref Info: Reference (cite) `cite.Lorena2022' on input line 97.
Package hyperref Info: Reference (cite) `cite.Lorena2022' on input line 97.
Package hyperref Info: Anchor `section.3.2' on input line 99.
pdftex: bookmark at 99: {3.2} {\numberline{3.2}ISA for a single dataset} {secti
on.3.2}{1}{toc}
Package hyperref Info: Reference (cite) `cite.Munoz2018' on input line 101.
Package hyperref Info: Reference (cite) `cite.Munoz2018' on input line 101.
Package hyperref Info: Reference (cite) `cite.Lorena2022' on input line 101.
Package hyperref Info: Reference (cite) `cite.Lorena2022' on input line 101.
Package hyperref Info: Anchor `figure.caption.11' on input line 103.

Overfull \hbox (13.67247pt too wide) in paragraph at lines 139--140
 [][] 
 []

pdftex: bookmark at 140: {3.2} {\numberline{3.2}{\ignorespaces ISA framework fo
r a single dataset. Extracted from \cite {Lorena2022}.\relax }} {figure.caption
.11}{0}{lof}
Package hyperref Info: Reference (cite) `cite.Lorena2022' on input line 140.
Package hyperref Info: Reference (cite) `cite.Lorena2022' on input line 140.
Package hyperref Info: Reference (cite) `cite.Lorena2022' on input line 140.
Package hyperref Info: Reference (cite) `cite.Lorena2022' on input line 140.
Package hyperref Info: Anchor `page.22' on input line 146.
[22
Package `hyperref' Info: End of reference (cite) `cite.Lorena2022', line 93.
Package `hyperref' Info: End of reference (cite) `cite.Lorena2022', line 93.
Package `hyperref' Info: End of reference (cite) `cite.Munoz2018', line 97.
Package `hyperref' Info: End of reference (cite) `cite.Munoz2018', line 97.
Package `hyperref' Info: End of reference (cite) `cite.Lorena2022', line 97.
Package `hyperref' Info: End of reference (cite) `cite.Lorena2022', line 97.
Package `hyperref' Info: End of reference (cite) `cite.Munoz2018', line 101.
Package `hyperref' Info: End of reference (cite) `cite.Munoz2018', line 101.
Package `hyperref' Info: End of reference (cite) `cite.Lorena2022', line 101.
Package `hyperref' Info: End of reference (cite) `cite.Lorena2022', line 101.
Package `hyperref' Info: End of reference (cite) `cite.Lorena2022', line 140.
Package `hyperref' Info: End of reference (cite) `cite.Lorena2022', line 140.
]
Package hyperref Info: Reference (link) `figure.caption.11' on input line 151.
Package hyperref Info: Reference (cite) `cite.Lorena2022' on input line 153.
Package hyperref Info: Reference (cite) `cite.Lorena2022' on input line 153.
Package hyperref Info: Anchor `subsection.3.2.1' on input line 155.

pdftex: bookmark at 155: {3.2.1} {\numberline{3.2.1}Hardness measures} {subsect
ion.3.2.1}{2}{toc}
Package hyperref Info: Reference (cite) `cite.Lorena2022' on input line 157.
Package hyperref Info: Reference (cite) `cite.Lorena2022' on input line 157.
Package hyperref Info: Anchor `equation.3.2.7' on input line 159.
Package hyperref Info: Anchor `equation.3.2.7' on input line 159.
Package hyperref Info: Anchor `equation.3.2.7' on input line 159.
Package hyperref Info: Anchor `equation.3.2.7' on input line 159.
Package hyperref Info: Anchor `equation.3.2.8' on input line 165.
Package hyperref Info: Anchor `equation.3.2.8' on input line 165.
Package hyperref Info: Anchor `equation.3.2.8' on input line 165.
Package hyperref Info: Anchor `equation.3.2.8' on input line 165.
Package hyperref Info: Reference (cite) `cite.Lorena2022' on input line 169.
Package hyperref Info: Reference (cite) `cite.Lorena2022' on input line 169.
Package hyperref Info: Reference (link) `table.caption.12' on input line 169.
Package hyperref Info: Reference (link) `appendix.A' on input line 169.
Package hyperref Info: Anchor `table.caption.12' on input line 171.
pdftex: bookmark at 190: {3.1} {\numberline{3.1}{\ignorespaces Hardness measure
s used in \cite {Lorena2022}.\relax }} {table.caption.12}{0}{lot}
Package hyperref Info: Reference (cite) `cite.Lorena2022' on input line 190.
Package hyperref Info: Reference (cite) `cite.Lorena2022' on input line 190.
Package hyperref Info: Reference (cite) `cite.Lorena2022' on input line 190.
Package hyperref Info: Reference (cite) `cite.Lorena2022' on input line 190.
Package hyperref Info: Anchor `page.23' on input line 193.
[23
Package `hyperref' Info: End of reference (link) `figure.caption.11', line 151.

Package `hyperref' Info: End of reference (cite) `cite.Lorena2022', line 153.
Package `hyperref' Info: End of reference (cite) `cite.Lorena2022', line 153.
Package `hyperref' Info: End of reference (cite) `cite.Lorena2022', line 157.
Package `hyperref' Info: End of reference (cite) `cite.Lorena2022', line 157.
Package `hyperref' Info: End of reference (cite) `cite.Lorena2022', line 169.
Package `hyperref' Info: End of reference (cite) `cite.Lorena2022', line 169.
Package `hyperref' Info: End of reference (link) `table.caption.12', line 169.
Package `hyperref' Info: End of reference (link) `appendix.A', line 169.
]
Package hyperref Info: Anchor `subsection.3.2.2' on input line 194.

pdftex: bookmark at 194: {3.2.2} {\numberline{3.2.2}Performance assessment} {su
bsection.3.2.2}{2}{toc}
Package hyperref Info: Reference (cite) `cite.Lorena2022' on input line 196.
Package hyperref Info: Reference (cite) `cite.Lorena2022' on input line 196.
Package hyperref Info: Reference (link) `equation.3.2.9' on input line 196.
Package hyperref Info: Anchor `equation.3.2.9' on input line 198.
Package hyperref Info: Anchor `equation.3.2.9' on input line 198.
Package hyperref Info: Anchor `equation.3.2.9' on input line 198.
Package hyperref Info: Anchor `equation.3.2.9' on input line 198.
Package hyperref Info: Anchor `subsection.3.2.3' on input line 204.
pdftex: bookmark at 204: {3.2.3} {\numberline{3.2.3}Feature selection} {subsect
ion.3.2.3}{2}{toc}
Package hyperref Info: Reference (cite) `cite.Lorena2022' on input line 206.
Package hyperref Info: Reference (cite) `cite.Lorena2022' on input line 206.
Package hyperref Info: Reference (link) `equation.3.2.10' on input line 206.
Package hyperref Info: Anchor `equation.3.2.10' on input line 208.
Package hyperref Info: Anchor `equation.3.2.10' on input line 208.
Package hyperref Info: Anchor `equation.3.2.10' on input line 208.
Package hyperref Info: Anchor `equation.3.2.10' on input line 208.
Package hyperref Info: Anchor `page.24' on input line 210.
[24
Package `hyperref' Info: End of reference (cite) `cite.Lorena2022', line 190.
Package `hyperref' Info: End of reference (cite) `cite.Lorena2022', line 190.
Package `hyperref' Info: End of reference (cite) `cite.Lorena2022', line 196.
Package `hyperref' Info: End of reference (cite) `cite.Lorena2022', line 196.
Package `hyperref' Info: End of reference (link) `equation.3.2.9', line 196.
Package `hyperref' Info: End of reference (cite) `cite.Lorena2022', line 206.
Package `hyperref' Info: End of reference (cite) `cite.Lorena2022', line 206.
Package `hyperref' Info: End of reference (link) `equation.3.2.10', line 206.
]
Package hyperref Info: Anchor `subsection.3.2.4' on input line 214.

pdftex: bookmark at 214: {3.2.4} {\numberline{3.2.4}IS representation and footp
rints} {subsection.3.2.4}{2}{toc}
Package hyperref Info: Reference (cite) `cite.Lorena2022' on input line 216.
Package hyperref Info: Reference (cite) `cite.Lorena2022' on input line 216.
Package hyperref Info: Reference (cite) `cite.Lorena2022' on input line 218.
Package hyperref Info: Reference (cite) `cite.Lorena2022' on input line 218.
)
Package hyperref Info: Anchor `page.25' on input line 155.
 [25
Package `hyperref' Info: End of reference (cite) `cite.Lorena2022', line 216.
Package `hyperref' Info: End of reference (cite) `cite.Lorena2022', line 216.
Package `hyperref' Info: End of reference (cite) `cite.Lorena2022', line 218.
Package `hyperref' Info: End of reference (cite) `cite.Lorena2022', line 218.
]
Package hyperref Info: Anchor `chapter.4' on input line 155.

Chapter 4.
pdftex: bookmark at 155: {4} {\numberline{4}Methodology} {chapter.4}{0}{toc}
(./Cap4/cap4.tex
Package hyperref Info: Anchor `section.4.1' on input line 3.

pdftex: bookmark at 3: {4.1} {\numberline{4.1}Instance Space generation} {secti
on.4.1}{1}{toc}
Package hyperref Info: Reference (cite) `cite.Lorena2022' on input line 5.
Package hyperref Info: Reference (cite) `cite.Lorena2022' on input line 5.
Package hyperref Info: Reference (cite) `cite.Lorena2022' on input line 5.
Package hyperref Info: Reference (cite) `cite.Lorena2022' on input line 5.
Package hyperref Info: Anchor `section.4.2' on input line 7.
pdftex: bookmark at 7: {4.2} {\numberline{4.2}Generator and Discriminator creat
ion} {section.4.2}{1}{toc}
Package hyperref Info: Reference (cite) `cite.paszke2019pytorch' on input line 
9.
Package hyperref Info: Reference (cite) `cite.paszke2019pytorch' on input line 
9.
Package hyperref Info: Reference (cite) `cite.kingma2017adam' on input line 9.
Package hyperref Info: Reference (cite) `cite.kingma2017adam' on input line 9.
Package hyperref Info: Reference (link) `algocf.1' on input line 9.
Package hyperref Info: Anchor `section.4.3' on input line 13.
pdftex: bookmark at 13: {4.3} {\numberline{4.3}Re-evaluation of the generated d
ata} {section.4.3}{1}{toc}
)
Package hyperref Info: Anchor `page.26' on input line 158.
 [26

Package `hyperref' Info: End of reference (cite) `cite.Lorena2022', line 5.
Package `hyperref' Info: End of reference (cite) `cite.Lorena2022', line 5.
Package `hyperref' Info: End of reference (cite) `cite.Lorena2022', line 5.
Package `hyperref' Info: End of reference (cite) `cite.Lorena2022', line 5.
Package `hyperref' Info: End of reference (cite) `cite.paszke2019pytorch', line
 9.
Package `hyperref' Info: End of reference (cite) `cite.paszke2019pytorch', line
 9.
Package `hyperref' Info: End of reference (cite) `cite.kingma2017adam', line 9.

Package `hyperref' Info: End of reference (cite) `cite.kingma2017adam', line 9.

Package `hyperref' Info: End of reference (link) `algocf.1', line 9.
]
Package hyperref Info: Anchor `page.27' on input line 158.
 [27]
Package hyperref Info: Anchor `chapter.5' on input line 158.

Chapter 5.
pdftex: bookmark at 158: {5} {\numberline{5}Results} {chapter.5}{0}{toc}
(./Cap5/cap5.tex
Package hyperref Info: Anchor `section.5.1' on input line 1.

pdftex: bookmark at 1: {5.1} {\numberline{5.1}Planned results} {section.5.1}{1}
{toc}
)
Package hyperref Info: Anchor `page.28' on input line 161.
 [28

]
Package hyperref Info: Anchor `chapter.6' on input line 161.

Chapter 6.
pdftex: bookmark at 161: {6} {\numberline{6}Conclusion} {chapter.6}{0}{toc}
(./Cap6/cap6.tex
Package hyperref Info: Anchor `section.6.1' on input line 1.

pdftex: bookmark at 1: {6.1} {\numberline{6.1}Preliminary conclusions and futur
e work} {section.6.1}{1}{toc}
Package hyperref Info: Anchor `section.6.2' on input line 5.
pdftex: bookmark at 5: {6.2} {\numberline{6.2}Work plan} {section.6.2}{1}{toc}
) (./tese.bbl (./tese.brf)
\tf@brf=\write9
\openout9 = `tese.brf'.

Package hyperref Info: Anchor `page.29' on input line 3.
 [29

]
Package hyperref Info: Anchor `chapter*.13' on input line 3.
Package hyperref Info: Anchor `chapter.7' on input line 3.

pdftex: bookmark at 3: {7} {Bibliography} {chapter.7}{0}{toc}
Package hyperref Info: Anchor `cite.Goodfellow2014' on input line 18.
Package hyperref Info: Anchor `cite.HORNIK1989' on input line 28.
Package hyperref Info: Anchor `cite.kingma2017adam' on input line 34.
Package hyperref Info: Anchor `cite.Munoz2018' on input line 42.
Package hyperref Info: Anchor `cite.Lorena2022' on input line 51.
Package hyperref Info: Anchor `cite.paszke2019pytorch' on input line 60.
Package hyperref Info: Anchor `cite.Puri2016' on input line 69.
Package hyperref Info: Anchor `cite.RICE1976' on input line 78.
)
Package hyperref Info: Anchor `page.30' on input line 169.
 [30

]
Package hyperref Info: Anchor `appendix.A' on input line 170.

Appendix A.
pdftex: bookmark at 170: {A} {\numberline{A}Instance Hardness} {appendix.A}{0}{
toc}
(./ApeA/apendiceA.tex
Package hyperref Info: Anchor `section.A.1' on input line 1.
Package hyperref Info: Reference (link) `subsection.3.2.1' on input line 1.

pdftex: bookmark at 1: {A.1} {\numberline{A.1}Metrics used in subsection \ref {
subsec:hardness_measures}} {section.A.1}{1}{toc}
)
Package hyperref Info: Anchor `page.31' on input line 199.
 [31


Package `hyperref' Info: End of reference (link) `subsection.3.2.1', line 1.
]
\bottommargin=\skip107
\rightmarginn=\skip108
Package hyperref Info: Anchor `bla.0' on input line 199.
 (./PreTextuais/resumo.tex) (./PreTextuais/resumo.tex)
(./PreTextuais/resumo.tex)
Overfull \hbox (74.53033pt too wide) in paragraph at lines 199--199
[][] 
 []

Package hyperref Info: Anchor `page.32' on input line 201.
[32

] 
enddocument/afterlastpage: lastpage setting LastPage.
(./tese.aux)

LaTeX Font Warning: Some font shapes were not available, defaults substituted.


LaTeX Warning: Label(s) may have changed. Rerun to get cross-references right.

Package rerunfilecheck Info: File `tese.out' has not changed.
(rerunfilecheck)             Checksum: 4DC09278FA23703135442A2AEF758A61;7139.
Package rerunfilecheck Info: File `tese.brf' has not changed.
(rerunfilecheck)             Checksum: D41D8CD98F00B204E9800998ECF8427E;0.
 ) 
Here is how much of TeX's memory you used:
 29118 strings out of 476025
 527054 string characters out of 5796532
 1869388 words of memory out of 5000000
 48744 multiletter control sequences out of 15000+600000
 576224 words of font info for 152 fonts, out of 8000000 for 9000
 1141 hyphenation exceptions out of 8191
 105i,17n,104p,830b,925s stack positions out of 10000i,1000n,20000p,200000b,200000s
</usr/share/texmf-dist/fonts/type1/public/amsfonts/cm/cmb10.pfb></usr/share/t
exmf-dist/fonts/type1/public/amsfonts/cm/cmbx12.pfb></usr/share/texmf-dist/font
s/type1/public/amsfonts/cm/cmbx6.pfb></usr/share/texmf-dist/fonts/type1/public/
amsfonts/cm/cmbx8.pfb></usr/share/texmf-dist/fonts/type1/public/amsfonts/cm/cmc
sc10.pfb></usr/share/texmf-dist/fonts/type1/public/amsfonts/cm/cmex10.pfb></usr
/share/texmf-dist/fonts/type1/public/amsfonts/cm/cmmi10.pfb></usr/share/texmf-d
ist/fonts/type1/public/amsfonts/cm/cmmi12.pfb></usr/share/texmf-dist/fonts/type
1/public/amsfonts/cm/cmmi6.pfb></usr/share/texmf-dist/fonts/type1/public/amsfon
ts/cm/cmmi7.pfb></usr/share/texmf-dist/fonts/type1/public/amsfonts/cm/cmmi8.pfb
></usr/share/texmf-dist/fonts/type1/public/amsfonts/cm/cmr10.pfb></usr/share/te
xmf-dist/fonts/type1/public/amsfonts/cm/cmr12.pfb></usr/share/texmf-dist/fonts/
type1/public/amsfonts/cm/cmr17.pfb></usr/share/texmf-dist/fonts/type1/public/am
sfonts/cm/cmr7.pfb></usr/share/texmf-dist/fonts/type1/public/amsfonts/cm/cmr8.p
fb></usr/share/texmf-dist/fonts/type1/public/amsfonts/cm/cmssi12.pfb></usr/shar
e/texmf-dist/fonts/type1/public/amsfonts/cm/cmsy10.pfb></usr/share/texmf-dist/f
onts/type1/public/amsfonts/cm/cmsy8.pfb></usr/share/texmf-dist/fonts/type1/publ
ic/amsfonts/cm/cmti10.pfb></usr/share/texmf-dist/fonts/type1/public/amsfonts/cm
/cmti12.pfb></usr/share/texmf-dist/fonts/type1/public/amsfonts/cm/cmti8.pfb></u
sr/share/texmf-dist/fonts/type1/public/amsfonts/symbols/msbm10.pfb></usr/share/
texmf-dist/fonts/type1/public/cm-super/sfrm0800.pfb></usr/share/texmf-dist/font
s/type1/public/cm-super/sfrm1200.pfb>
Output written on tese.pdf (33 pages, 490035 bytes).
PDF statistics:
 676 PDF objects out of 1000 (max. 8388607)
 578 compressed objects within 6 object streams
 120 named destinations out of 1000 (max. 500000)
 378 words of extra memory for PDF output out of 10000 (max. 10000000)

